<?xml version="1.0" encoding="UTF-8"?>
<!-- Generated by org.testng.reporters.JUnitXMLReporter -->
<testsuite hostname="imacs-iMac.local" ignored="0" name="Trulia tests" tests="4" failures="0" timestamp="20 Mar 2018 01:52:34 GMT" time="32.866" errors="0">
  <testcase name="TC0017" time="3.963" classname="com.trulia.tests.TestAhmed"/>
  <testcase name="TC0018" time="3.442" classname="com.trulia.tests.TestAhmed"/>
  <testcase name="TC0019" time="7.794" classname="com.trulia.tests.TestAhmed"/>
  <testcase name="TC020" time="7.292" classname="com.trulia.tests.TestAhmed"/>
</testsuite> <!-- Trulia tests -->
