<?xml version="1.0" encoding="UTF-8"?>
<testng-results skipped="0" failed="0" ignored="0" total="1" passed="1">
  <reporter-output>
  </reporter-output>
  <suite name="Default suite" duration-ms="23804" started-at="2018-03-18T03:04:35Z" finished-at="2018-03-18T03:04:59Z">
    <groups>
    </groups>
    <test name="Default test" duration-ms="23804" started-at="2018-03-18T03:04:35Z" finished-at="2018-03-18T03:04:59Z">
      <class name="com.trulia.tests.SmokeTest">
        <test-method status="PASS" signature="setUp()[pri:0, instance:com.trulia.tests.SmokeTest@302a07d]" name="setUp" is-config="true" duration-ms="19" started-at="2018-03-18T03:04:35Z" finished-at="2018-03-18T03:04:35Z">
          <reporter-output>
          </reporter-output>
        </test-method> <!-- setUp -->
        <test-method status="PASS" signature="beforeMethod()[pri:0, instance:com.trulia.tests.SmokeTest@302a07d]" name="beforeMethod" is-config="true" duration-ms="3284" started-at="2018-03-18T03:04:35Z" finished-at="2018-03-18T03:04:39Z">
          <reporter-output>
          </reporter-output>
        </test-method> <!-- beforeMethod -->
        <test-method status="PASS" signature="smokeTest()[pri:0, instance:com.trulia.tests.SmokeTest@302a07d]" name="smokeTest" duration-ms="20389" started-at="2018-03-18T03:04:39Z" finished-at="2018-03-18T03:04:59Z">
          <reporter-output>
          </reporter-output>
        </test-method> <!-- smokeTest -->
        <test-method status="PASS" signature="tearDown()[pri:0, instance:com.trulia.tests.SmokeTest@302a07d]" name="tearDown" is-config="true" duration-ms="87" started-at="2018-03-18T03:04:59Z" finished-at="2018-03-18T03:04:59Z">
          <reporter-output>
          </reporter-output>
        </test-method> <!-- tearDown -->
      </class> <!-- com.trulia.tests.SmokeTest -->
    </test> <!-- Default test -->
  </suite> <!-- Default suite -->
</testng-results>
