<?xml version="1.0" encoding="UTF-8"?>
<!-- Generated by org.testng.reporters.JUnitXMLReporter -->
<testsuite hostname="imacs-iMac.local" ignored="0" name="Default test" tests="20" failures="0" timestamp="25 Mar 2018 03:46:05 GMT" time="273.823" errors="0">
  <testcase name="TC001" time="16.043" classname="com.trulia.tests.Tests"/>
  <testcase name="TC002" time="9.671" classname="com.trulia.tests.Tests"/>
  <testcase name="TC003" time="10.715" classname="com.trulia.tests.Tests"/>
  <testcase name="TC004" time="4.977" classname="com.trulia.tests.Tests"/>
  <testcase name="TC005" time="4.118" classname="com.trulia.tests.Tests"/>
  <testcase name="TC006" time="9.855" classname="com.trulia.tests.Tests"/>
  <testcase name="TC007" time="11.38" classname="com.trulia.tests.Tests"/>
  <testcase name="TC008" time="22.057" classname="com.trulia.tests.Tests"/>
  <testcase name="TC009" time="36.0" classname="com.trulia.tests.Tests"/>
  <testcase name="TC010" time="20.532" classname="com.trulia.tests.Tests"/>
  <testcase name="TC011" time="8.38" classname="com.trulia.tests.Tests"/>
  <testcase name="TC012" time="12.487" classname="com.trulia.tests.Tests"/>
  <testcase name="TC013" time="10.209" classname="com.trulia.tests.Tests"/>
  <testcase name="TC014" time="4.932" classname="com.trulia.tests.Tests"/>
  <testcase name="TC015" time="7.293" classname="com.trulia.tests.Tests"/>
  <testcase name="TC016" time="9.913" classname="com.trulia.tests.Tests"/>
  <testcase name="TC017" time="4.026" classname="com.trulia.tests.Tests"/>
  <testcase name="TC018" time="3.763" classname="com.trulia.tests.Tests"/>
  <testcase name="TC019" time="12.521" classname="com.trulia.tests.Tests"/>
  <testcase name="TC020" time="8.373" classname="com.trulia.tests.Tests"/>
</testsuite> <!-- Default test -->
